<?xml version="1.0" encoding="UTF-8"?>
<testsuite xmlns:xsi="http://www.w3.org/2001/XMLSchema-instance" xsi:noNamespaceSchemaLocation="https://maven.apache.org/surefire/maven-surefire-plugin/xsd/surefire-test-report.xsd" name="com.vik.MathUtilsTest" time="0.183" tests="9" errors="0" skipped="1" failures="0">
  <properties>
[...]
</properties>
  <testcase name="testComputeCircularArea{RepetitionInfo}[1]" classname="com.vik.MathUtilsTest" time="0.022"/>
  <testcase name="testComputeCircularArea{RepetitionInfo}[2]" classname="com.vik.MathUtilsTest" time="0.002"/>
  <testcase name="testComputeCircularArea{RepetitionInfo}[3]" classname="com.vik.MathUtilsTest" time="0"/>
  <testcase name="testAdd" classname="com.vik.MathUtilsTest" time="0.001"/>
  <testcase name="failTest" classname="com.vik.MathUtilsTest" time="0">
    <skipped message="void com.vik.MathUtilsTest.failTest() is @Disabled"/>
  </testcase>
  <testcase name="testDivide" classname="com.vik.MathUtilsTest" time="0.004"/>
  <testcase name="testMultiply" classname="com.vik.MathUtilsTest" time="0.007"/>
  <testcase name="substractPositive" classname="com.vik.MathUtilsTest$Substract" time="0.003"/>
  <testcase name="substractNegative" classname="com.vik.MathUtilsTest$Substract" time="0.002"/>
</testsuite>